2019-09-12 18:14:02 [127.0.0.1][-][14j95457vochp1nodcg8nakanpboqr2k][error][yii\db\Exception] PDOException: SQLSTATE[HY000] [1049] Unknown database 'yii2advanced' in C:\Users\s29-d\Desktop\OSPanel\domains\yii-application\vendor\yiisoft\yii2\db\Connection.php:695
Stack trace:
#0 C:\Users\s29-d\Desktop\OSPanel\domains\yii-application\vendor\yiisoft\yii2\db\Connection.php(695): PDO->__construct('mysql:host=loca...', 'root', '', NULL)
#1 C:\Users\s29-d\Desktop\OSPanel\domains\yii-application\vendor\yiisoft\yii2\db\Connection.php(621): yii\db\Connection->createPdoInstance()
#2 C:\Users\s29-d\Desktop\OSPanel\domains\yii-application\vendor\yiisoft\yii2\db\Connection.php(1012): yii\db\Connection->open()
#3 C:\Users\s29-d\Desktop\OSPanel\domains\yii-application\vendor\yiisoft\yii2\db\Connection.php(999): yii\db\Connection->getMasterPdo()
#4 C:\Users\s29-d\Desktop\OSPanel\domains\yii-application\vendor\yiisoft\yii2\db\Command.php(253): yii\db\Connection->getSlavePdo()
#5 C:\Users\s29-d\Desktop\OSPanel\domains\yii-application\vendor\yiisoft\yii2\db\Command.php(1153): yii\db\Command->prepare(true)
#6 C:\Users\s29-d\Desktop\OSPanel\domains\yii-application\vendor\yiisoft\yii2\db\Command.php(399): yii\db\Command->queryInternal('fetchAll', NULL)
#7 C:\Users\s29-d\Desktop\OSPanel\domains\yii-application\vendor\yiisoft\yii2\db\mysql\Schema.php(319): yii\db\Command->queryAll()
#8 C:\Users\s29-d\Desktop\OSPanel\domains\yii-application\vendor\yiisoft\yii2\db\mysql\Schema.php(125): yii\db\mysql\Schema->findColumns(Object(yii\db\TableSchema))
#9 C:\Users\s29-d\Desktop\OSPanel\domains\yii-application\vendor\yiisoft\yii2\db\Schema.php(754): yii\db\mysql\Schema->loadTableSchema('user')
#10 C:\Users\s29-d\Desktop\OSPanel\domains\yii-application\vendor\yiisoft\yii2\db\Schema.php(193): yii\db\Schema->getTableMetadata('{{%user}}', 'schema', false)
#11 C:\Users\s29-d\Desktop\OSPanel\domains\yii-application\vendor\yiisoft\yii2\db\ActiveRecord.php(435): yii\db\Schema->getTableSchema('{{%user}}')
#12 C:\Users\s29-d\Desktop\OSPanel\domains\yii-application\vendor\yiisoft\yii2\db\ActiveRecord.php(262): yii\db\ActiveRecord::getTableSchema()
#13 C:\Users\s29-d\Desktop\OSPanel\domains\yii-application\vendor\yiisoft\yii2\db\ActiveRecord.php(234): yii\db\ActiveRecord::filterValidColumnNames(Object(yii\db\Connection), Array)
#14 C:\Users\s29-d\Desktop\OSPanel\domains\yii-application\vendor\yiisoft\yii2\db\ActiveRecord.php(191): yii\db\ActiveRecord::filterCondition(Array, Array)
#15 C:\Users\s29-d\Desktop\OSPanel\domains\yii-application\vendor\yiisoft\yii2\db\BaseActiveRecord.php(112): yii\db\ActiveRecord::findByCondition(Array)
#16 C:\Users\s29-d\Desktop\OSPanel\domains\yii-application\common\models\User.php(85): yii\db\BaseActiveRecord::findOne(Array)
#17 C:\Users\s29-d\Desktop\OSPanel\domains\yii-application\common\models\LoginForm.php(73): common\models\User::findByUsername('admin')
#18 C:\Users\s29-d\Desktop\OSPanel\domains\yii-application\common\models\LoginForm.php(44): common\models\LoginForm->getUser()
#19 [internal function]: common\models\LoginForm->validatePassword('password', NULL, Object(yii\validators\InlineValidator))
#20 C:\Users\s29-d\Desktop\OSPanel\domains\yii-application\vendor\yiisoft\yii2\validators\InlineValidator.php(72): call_user_func(Array, 'password', NULL, Object(yii\validators\InlineValidator))
#21 C:\Users\s29-d\Desktop\OSPanel\domains\yii-application\vendor\yiisoft\yii2\validators\Validator.php(257): yii\validators\InlineValidator->validateAttribute(Object(common\models\LoginForm), 'password')
#22 C:\Users\s29-d\Desktop\OSPanel\domains\yii-application\vendor\yiisoft\yii2\base\Model.php(367): yii\validators\Validator->validateAttributes(Object(common\models\LoginForm), Array)
#23 C:\Users\s29-d\Desktop\OSPanel\domains\yii-application\common\models\LoginForm.php(58): yii\base\Model->validate()
#24 C:\Users\s29-d\Desktop\OSPanel\domains\yii-application\frontend\controllers\SiteController.php(92): common\models\LoginForm->login()
#25 [internal function]: frontend\controllers\SiteController->actionLogin()
#26 C:\Users\s29-d\Desktop\OSPanel\domains\yii-application\vendor\yiisoft\yii2\base\InlineAction.php(57): call_user_func_array(Array, Array)
#27 C:\Users\s29-d\Desktop\OSPanel\domains\yii-application\vendor\yiisoft\yii2\base\Controller.php(157): yii\base\InlineAction->runWithParams(Array)
#28 C:\Users\s29-d\Desktop\OSPanel\domains\yii-application\vendor\yiisoft\yii2\base\Module.php(528): yii\base\Controller->runAction('login', Array)
#29 C:\Users\s29-d\Desktop\OSPanel\domains\yii-application\vendor\yiisoft\yii2\web\Application.php(103): yii\base\Module->runAction('site/login', Array)
#30 C:\Users\s29-d\Desktop\OSPanel\domains\yii-application\vendor\yiisoft\yii2\base\Application.php(386): yii\web\Application->handleRequest(Object(yii\web\Request))
#31 C:\Users\s29-d\Desktop\OSPanel\domains\yii-application\frontend\web\index.php(17): yii\base\Application->run()
#32 {main}

Next yii\db\Exception: SQLSTATE[HY000] [1049] Unknown database 'yii2advanced' in C:\Users\s29-d\Desktop\OSPanel\domains\yii-application\vendor\yiisoft\yii2\db\Connection.php:632
Stack trace:
#0 C:\Users\s29-d\Desktop\OSPanel\domains\yii-application\vendor\yiisoft\yii2\db\Connection.php(1012): yii\db\Connection->open()
#1 C:\Users\s29-d\Desktop\OSPanel\domains\yii-application\vendor\yiisoft\yii2\db\Connection.php(999): yii\db\Connection->getMasterPdo()
#2 C:\Users\s29-d\Desktop\OSPanel\domains\yii-application\vendor\yiisoft\yii2\db\Command.php(253): yii\db\Connection->getSlavePdo()
#3 C:\Users\s29-d\Desktop\OSPanel\domains\yii-application\vendor\yiisoft\yii2\db\Command.php(1153): yii\db\Command->prepare(true)
#4 C:\Users\s29-d\Desktop\OSPanel\domains\yii-application\vendor\yiisoft\yii2\db\Command.php(399): yii\db\Command->queryInternal('fetchAll', NULL)
#5 C:\Users\s29-d\Desktop\OSPanel\domains\yii-application\vendor\yiisoft\yii2\db\mysql\Schema.php(319): yii\db\Command->queryAll()
#6 C:\Users\s29-d\Desktop\OSPanel\domains\yii-application\vendor\yiisoft\yii2\db\mysql\Schema.php(125): yii\db\mysql\Schema->findColumns(Object(yii\db\TableSchema))
#7 C:\Users\s29-d\Desktop\OSPanel\domains\yii-application\vendor\yiisoft\yii2\db\Schema.php(754): yii\db\mysql\Schema->loadTableSchema('user')
#8 C:\Users\s29-d\Desktop\OSPanel\domains\yii-application\vendor\yiisoft\yii2\db\Schema.php(193): yii\db\Schema->getTableMetadata('{{%user}}', 'schema', false)
#9 C:\Users\s29-d\Desktop\OSPanel\domains\yii-application\vendor\yiisoft\yii2\db\ActiveRecord.php(435): yii\db\Schema->getTableSchema('{{%user}}')
#10 C:\Users\s29-d\Desktop\OSPanel\domains\yii-application\vendor\yiisoft\yii2\db\ActiveRecord.php(262): yii\db\ActiveRecord::getTableSchema()
#11 C:\Users\s29-d\Desktop\OSPanel\domains\yii-application\vendor\yiisoft\yii2\db\ActiveRecord.php(234): yii\db\ActiveRecord::filterValidColumnNames(Object(yii\db\Connection), Array)
#12 C:\Users\s29-d\Desktop\OSPanel\domains\yii-application\vendor\yiisoft\yii2\db\ActiveRecord.php(191): yii\db\ActiveRecord::filterCondition(Array, Array)
#13 C:\Users\s29-d\Desktop\OSPanel\domains\yii-application\vendor\yiisoft\yii2\db\BaseActiveRecord.php(112): yii\db\ActiveRecord::findByCondition(Array)
#14 C:\Users\s29-d\Desktop\OSPanel\domains\yii-application\common\models\User.php(85): yii\db\BaseActiveRecord::findOne(Array)
#15 C:\Users\s29-d\Desktop\OSPanel\domains\yii-application\common\models\LoginForm.php(73): common\models\User::findByUsername('admin')
#16 C:\Users\s29-d\Desktop\OSPanel\domains\yii-application\common\models\LoginForm.php(44): common\models\LoginForm->getUser()
#17 [internal function]: common\models\LoginForm->validatePassword('password', NULL, Object(yii\validators\InlineValidator))
#18 C:\Users\s29-d\Desktop\OSPanel\domains\yii-application\vendor\yiisoft\yii2\validators\InlineValidator.php(72): call_user_func(Array, 'password', NULL, Object(yii\validators\InlineValidator))
#19 C:\Users\s29-d\Desktop\OSPanel\domains\yii-application\vendor\yiisoft\yii2\validators\Validator.php(257): yii\validators\InlineValidator->validateAttribute(Object(common\models\LoginForm), 'password')
#20 C:\Users\s29-d\Desktop\OSPanel\domains\yii-application\vendor\yiisoft\yii2\base\Model.php(367): yii\validators\Validator->validateAttributes(Object(common\models\LoginForm), Array)
#21 C:\Users\s29-d\Desktop\OSPanel\domains\yii-application\common\models\LoginForm.php(58): yii\base\Model->validate()
#22 C:\Users\s29-d\Desktop\OSPanel\domains\yii-application\frontend\controllers\SiteController.php(92): common\models\LoginForm->login()
#23 [internal function]: frontend\controllers\SiteController->actionLogin()
#24 C:\Users\s29-d\Desktop\OSPanel\domains\yii-application\vendor\yiisoft\yii2\base\InlineAction.php(57): call_user_func_array(Array, Array)
#25 C:\Users\s29-d\Desktop\OSPanel\domains\yii-application\vendor\yiisoft\yii2\base\Controller.php(157): yii\base\InlineAction->runWithParams(Array)
#26 C:\Users\s29-d\Desktop\OSPanel\domains\yii-application\vendor\yiisoft\yii2\base\Module.php(528): yii\base\Controller->runAction('login', Array)
#27 C:\Users\s29-d\Desktop\OSPanel\domains\yii-application\vendor\yiisoft\yii2\web\Application.php(103): yii\base\Module->runAction('site/login', Array)
#28 C:\Users\s29-d\Desktop\OSPanel\domains\yii-application\vendor\yiisoft\yii2\base\Application.php(386): yii\web\Application->handleRequest(Object(yii\web\Request))
#29 C:\Users\s29-d\Desktop\OSPanel\domains\yii-application\frontend\web\index.php(17): yii\base\Application->run()
#30 {main}
Additional Information:

2019-09-12 18:14:02 [127.0.0.1][-][14j95457vochp1nodcg8nakanpboqr2k][info][application] $_GET = [
    'r' => 'site/login'
]

$_POST = [
    '_csrf-frontend' => 'yRnDMj86WMF1fG871ipxZSIWSvaJuvUn7f2yKZjib5uhLopQSVAblCAlAVbhHTc3FnEsgfnSs2W0k_lxy7of1g=='
    'LoginForm' => [
        'username' => 'admin'
        'password' => 'admin'
        'rememberMe' => '0'
    ]
    'login-button' => ''
]

$_FILES = []

$_COOKIE = [
    'advanced-frontend' => '14j95457vochp1nodcg8nakanpboqr2k'
    '_csrf-frontend' => 'e14469dacd9dee9ba532d44a03fd7d07e2a8c737f3a27356c61c663ebaf32e8da:2:{i:0;s:14:\"_csrf-frontend\";i:1;s:32:\"h7IbvjCUUYnm77FR4gfwphFBYnKXSXpM\";}'
]

$_SESSION = [
    '__flash' => []
]

$_SERVER = [
    'HTTP_HOST' => 'frontend.test:82'
    'HTTP_CONNECTION' => 'keep-alive'
    'CONTENT_LENGTH' => '209'
    'HTTP_CACHE_CONTROL' => 'max-age=0'
    'HTTP_ORIGIN' => 'http://frontend.test:82'
    'HTTP_UPGRADE_INSECURE_REQUESTS' => '1'
    'CONTENT_TYPE' => 'application/x-www-form-urlencoded'
    'HTTP_USER_AGENT' => 'Mozilla/5.0 (Windows NT 10.0; Win64; x64) AppleWebKit/537.36 (KHTML, like Gecko) Chrome/76.0.3809.132 Safari/537.36'
    'HTTP_ACCEPT' => 'text/html,application/xhtml+xml,application/xml;q=0.9,image/webp,image/apng,*/*;q=0.8,application/signed-exchange;v=b3'
    'HTTP_REFERER' => 'http://frontend.test:82/index.php?r=site%2Flogin'
    'HTTP_ACCEPT_ENCODING' => 'gzip, deflate'
    'HTTP_ACCEPT_LANGUAGE' => 'en-US,en;q=0.9'
    'HTTP_COOKIE' => 'advanced-frontend=14j95457vochp1nodcg8nakanpboqr2k; _csrf-frontend=e14469dacd9dee9ba532d44a03fd7d07e2a8c737f3a27356c61c663ebaf32e8da%3A2%3A%7Bi%3A0%3Bs%3A14%3A%22_csrf-frontend%22%3Bi%3A1%3Bs%3A32%3A%22h7IbvjCUUYnm77FR4gfwphFBYnKXSXpM%22%3B%7D'
    'PATH' => 'c:\\users\\s29-d\\desktop\\ospanel\\modules\\php\\PHP_7.1-x64\\ext;c:\\users\\s29-d\\desktop\\ospanel\\modules\\php\\PHP_7.1-x64\\pear;c:\\users\\s29-d\\desktop\\ospanel\\modules\\php\\PHP_7.1-x64\\pear\\bin;c:\\users\\s29-d\\desktop\\ospanel\\modules\\php\\PHP_7.1-x64;c:\\users\\s29-d\\desktop\\ospanel\\modules\\imagemagick;c:\\users\\s29-d\\desktop\\ospanel\\modules\\wget\\bin;c:\\users\\s29-d\\desktop\\ospanel\\modules\\database\\MariaDB-10.3-x64\\bin;c:\\users\\s29-d\\desktop\\ospanel\\modules\\http\\Apache_2.4-PHP_7.0-7.1-x64\\bin;c:\\users\\s29-d\\desktop\\ospanel\\modules\\http\\Apache_2.4-PHP_7.0-7.1-x64;C:\\Windows\\system32;C:\\Windows;C:\\Windows\\system32\\Wbem;C:\\Windows\\SysWOW64'
    'SystemRoot' => 'C:\\Windows'
    'COMSPEC' => 'C:\\Windows\\system32\\cmd.exe'
    'PATHEXT' => '.COM;.EXE;.BAT;.CMD;.VBS;.VBE;.JS;.JSE;.WSF;.WSH;.MSC;.PY;.PYW'
    'WINDIR' => 'C:\\Windows'
    'SERVER_SIGNATURE' => ''
    'SERVER_SOFTWARE' => 'Apache'
    'SERVER_NAME' => 'frontend.test'
    'SERVER_ADDR' => '127.0.0.1'
    'SERVER_PORT' => '82'
    'REMOTE_ADDR' => '127.0.0.1'
    'DOCUMENT_ROOT' => 'C:/Users/s29-d/Desktop/OSPanel/domains/yii-application/frontend/web/'
    'REQUEST_SCHEME' => 'http'
    'CONTEXT_PREFIX' => ''
    'CONTEXT_DOCUMENT_ROOT' => 'C:/Users/s29-d/Desktop/OSPanel/domains/yii-application/frontend/web/'
    'SERVER_ADMIN' => '[no address given]'
    'SCRIPT_FILENAME' => 'C:/Users/s29-d/Desktop/OSPanel/domains/yii-application/frontend/web/index.php'
    'REMOTE_PORT' => '20741'
    'GATEWAY_INTERFACE' => 'CGI/1.1'
    'SERVER_PROTOCOL' => 'HTTP/1.1'
    'REQUEST_METHOD' => 'POST'
    'QUERY_STRING' => 'r=site%2Flogin'
    'REQUEST_URI' => '/index.php?r=site%2Flogin'
    'SCRIPT_NAME' => '/index.php'
    'PHP_SELF' => '/index.php'
    'REQUEST_TIME_FLOAT' => 1568301242.411
    'REQUEST_TIME' => 1568301242
    'argv' => [
        0 => 'r=site%2Flogin'
    ]
    'argc' => 1
]
2019-09-12 19:04:20 [127.0.0.1][-][14j95457vochp1nodcg8nakanpboqr2k][error][yii\db\Exception] PDOException: SQLSTATE[HY000] [1049] Unknown database 'yii2advanced' in C:\Users\s29-d\Desktop\OSPanel\domains\yii-application\vendor\yiisoft\yii2\db\Connection.php:695
Stack trace:
#0 C:\Users\s29-d\Desktop\OSPanel\domains\yii-application\vendor\yiisoft\yii2\db\Connection.php(695): PDO->__construct('mysql:host=loca...', 'root', '', NULL)
#1 C:\Users\s29-d\Desktop\OSPanel\domains\yii-application\vendor\yiisoft\yii2\db\Connection.php(621): yii\db\Connection->createPdoInstance()
#2 C:\Users\s29-d\Desktop\OSPanel\domains\yii-application\vendor\yiisoft\yii2\db\Connection.php(1012): yii\db\Connection->open()
#3 C:\Users\s29-d\Desktop\OSPanel\domains\yii-application\vendor\yiisoft\yii2\db\Connection.php(999): yii\db\Connection->getMasterPdo()
#4 C:\Users\s29-d\Desktop\OSPanel\domains\yii-application\vendor\yiisoft\yii2\db\Command.php(253): yii\db\Connection->getSlavePdo()
#5 C:\Users\s29-d\Desktop\OSPanel\domains\yii-application\vendor\yiisoft\yii2\db\Command.php(1153): yii\db\Command->prepare(true)
#6 C:\Users\s29-d\Desktop\OSPanel\domains\yii-application\vendor\yiisoft\yii2\db\Command.php(399): yii\db\Command->queryInternal('fetchAll', NULL)
#7 C:\Users\s29-d\Desktop\OSPanel\domains\yii-application\frontend\models\Test.php(10): yii\db\Command->queryAll()
#8 C:\Users\s29-d\Desktop\OSPanel\domains\yii-application\frontend\controllers\TestController.php(9): frontend\models\Test::getNewsList()
#9 [internal function]: frontend\controllers\TestController->actionIndex()
#10 C:\Users\s29-d\Desktop\OSPanel\domains\yii-application\vendor\yiisoft\yii2\base\InlineAction.php(57): call_user_func_array(Array, Array)
#11 C:\Users\s29-d\Desktop\OSPanel\domains\yii-application\vendor\yiisoft\yii2\base\Controller.php(157): yii\base\InlineAction->runWithParams(Array)
#12 C:\Users\s29-d\Desktop\OSPanel\domains\yii-application\vendor\yiisoft\yii2\base\Module.php(528): yii\base\Controller->runAction('index', Array)
#13 C:\Users\s29-d\Desktop\OSPanel\domains\yii-application\vendor\yiisoft\yii2\web\Application.php(103): yii\base\Module->runAction('test/index', Array)
#14 C:\Users\s29-d\Desktop\OSPanel\domains\yii-application\vendor\yiisoft\yii2\base\Application.php(386): yii\web\Application->handleRequest(Object(yii\web\Request))
#15 C:\Users\s29-d\Desktop\OSPanel\domains\yii-application\frontend\web\index.php(17): yii\base\Application->run()
#16 {main}

Next yii\db\Exception: SQLSTATE[HY000] [1049] Unknown database 'yii2advanced' in C:\Users\s29-d\Desktop\OSPanel\domains\yii-application\vendor\yiisoft\yii2\db\Connection.php:632
Stack trace:
#0 C:\Users\s29-d\Desktop\OSPanel\domains\yii-application\vendor\yiisoft\yii2\db\Connection.php(1012): yii\db\Connection->open()
#1 C:\Users\s29-d\Desktop\OSPanel\domains\yii-application\vendor\yiisoft\yii2\db\Connection.php(999): yii\db\Connection->getMasterPdo()
#2 C:\Users\s29-d\Desktop\OSPanel\domains\yii-application\vendor\yiisoft\yii2\db\Command.php(253): yii\db\Connection->getSlavePdo()
#3 C:\Users\s29-d\Desktop\OSPanel\domains\yii-application\vendor\yiisoft\yii2\db\Command.php(1153): yii\db\Command->prepare(true)
#4 C:\Users\s29-d\Desktop\OSPanel\domains\yii-application\vendor\yiisoft\yii2\db\Command.php(399): yii\db\Command->queryInternal('fetchAll', NULL)
#5 C:\Users\s29-d\Desktop\OSPanel\domains\yii-application\frontend\models\Test.php(10): yii\db\Command->queryAll()
#6 C:\Users\s29-d\Desktop\OSPanel\domains\yii-application\frontend\controllers\TestController.php(9): frontend\models\Test::getNewsList()
#7 [internal function]: frontend\controllers\TestController->actionIndex()
#8 C:\Users\s29-d\Desktop\OSPanel\domains\yii-application\vendor\yiisoft\yii2\base\InlineAction.php(57): call_user_func_array(Array, Array)
#9 C:\Users\s29-d\Desktop\OSPanel\domains\yii-application\vendor\yiisoft\yii2\base\Controller.php(157): yii\base\InlineAction->runWithParams(Array)
#10 C:\Users\s29-d\Desktop\OSPanel\domains\yii-application\vendor\yiisoft\yii2\base\Module.php(528): yii\base\Controller->runAction('index', Array)
#11 C:\Users\s29-d\Desktop\OSPanel\domains\yii-application\vendor\yiisoft\yii2\web\Application.php(103): yii\base\Module->runAction('test/index', Array)
#12 C:\Users\s29-d\Desktop\OSPanel\domains\yii-application\vendor\yiisoft\yii2\base\Application.php(386): yii\web\Application->handleRequest(Object(yii\web\Request))
#13 C:\Users\s29-d\Desktop\OSPanel\domains\yii-application\frontend\web\index.php(17): yii\base\Application->run()
#14 {main}
Additional Information:

2019-09-12 19:04:20 [127.0.0.1][-][14j95457vochp1nodcg8nakanpboqr2k][info][application] $_GET = []

$_POST = []

$_FILES = []

$_COOKIE = [
    'advanced-frontend' => '14j95457vochp1nodcg8nakanpboqr2k'
    '_csrf-frontend' => 'e14469dacd9dee9ba532d44a03fd7d07e2a8c737f3a27356c61c663ebaf32e8da:2:{i:0;s:14:\"_csrf-frontend\";i:1;s:32:\"h7IbvjCUUYnm77FR4gfwphFBYnKXSXpM\";}'
]

$_SESSION = [
    '__flash' => []
    '__captcha/site/captcha' => 'wumuse'
    '__captcha/site/captchacount' => 1
]

$_SERVER = [
    'REDIRECT_STATUS' => '200'
    'HTTP_HOST' => 'frontend.test:82'
    'HTTP_CONNECTION' => 'keep-alive'
    'HTTP_CACHE_CONTROL' => 'max-age=0'
    'HTTP_UPGRADE_INSECURE_REQUESTS' => '1'
    'HTTP_USER_AGENT' => 'Mozilla/5.0 (Windows NT 10.0; Win64; x64) AppleWebKit/537.36 (KHTML, like Gecko) Chrome/76.0.3809.132 Safari/537.36'
    'HTTP_ACCEPT' => 'text/html,application/xhtml+xml,application/xml;q=0.9,image/webp,image/apng,*/*;q=0.8,application/signed-exchange;v=b3'
    'HTTP_ACCEPT_ENCODING' => 'gzip, deflate'
    'HTTP_ACCEPT_LANGUAGE' => 'en-US,en;q=0.9'
    'HTTP_COOKIE' => 'advanced-frontend=14j95457vochp1nodcg8nakanpboqr2k; _csrf-frontend=e14469dacd9dee9ba532d44a03fd7d07e2a8c737f3a27356c61c663ebaf32e8da%3A2%3A%7Bi%3A0%3Bs%3A14%3A%22_csrf-frontend%22%3Bi%3A1%3Bs%3A32%3A%22h7IbvjCUUYnm77FR4gfwphFBYnKXSXpM%22%3B%7D'
    'PATH' => 'c:\\users\\s29-d\\desktop\\ospanel\\modules\\php\\PHP_7.1-x64\\ext;c:\\users\\s29-d\\desktop\\ospanel\\modules\\php\\PHP_7.1-x64\\pear;c:\\users\\s29-d\\desktop\\ospanel\\modules\\php\\PHP_7.1-x64\\pear\\bin;c:\\users\\s29-d\\desktop\\ospanel\\modules\\php\\PHP_7.1-x64;c:\\users\\s29-d\\desktop\\ospanel\\modules\\imagemagick;c:\\users\\s29-d\\desktop\\ospanel\\modules\\wget\\bin;c:\\users\\s29-d\\desktop\\ospanel\\modules\\database\\MariaDB-10.3-x64\\bin;c:\\users\\s29-d\\desktop\\ospanel\\modules\\http\\Apache_2.4-PHP_7.0-7.1-x64\\bin;c:\\users\\s29-d\\desktop\\ospanel\\modules\\http\\Apache_2.4-PHP_7.0-7.1-x64;C:\\Windows\\system32;C:\\Windows;C:\\Windows\\system32\\Wbem;C:\\Windows\\SysWOW64'
    'SystemRoot' => 'C:\\Windows'
    'COMSPEC' => 'C:\\Windows\\system32\\cmd.exe'
    'PATHEXT' => '.COM;.EXE;.BAT;.CMD;.VBS;.VBE;.JS;.JSE;.WSF;.WSH;.MSC;.PY;.PYW'
    'WINDIR' => 'C:\\Windows'
    'SERVER_SIGNATURE' => ''
    'SERVER_SOFTWARE' => 'Apache'
    'SERVER_NAME' => 'frontend.test'
    'SERVER_ADDR' => '127.0.0.1'
    'SERVER_PORT' => '82'
    'REMOTE_ADDR' => '127.0.0.1'
    'DOCUMENT_ROOT' => 'C:/Users/s29-d/Desktop/OSPanel/domains/yii-application/frontend/web/'
    'REQUEST_SCHEME' => 'http'
    'CONTEXT_PREFIX' => ''
    'CONTEXT_DOCUMENT_ROOT' => 'C:/Users/s29-d/Desktop/OSPanel/domains/yii-application/frontend/web/'
    'SERVER_ADMIN' => '[no address given]'
    'SCRIPT_FILENAME' => 'C:/Users/s29-d/Desktop/OSPanel/domains/yii-application/frontend/web/index.php'
    'REMOTE_PORT' => '21290'
    'REDIRECT_URL' => '/test/index'
    'GATEWAY_INTERFACE' => 'CGI/1.1'
    'SERVER_PROTOCOL' => 'HTTP/1.1'
    'REQUEST_METHOD' => 'GET'
    'QUERY_STRING' => ''
    'REQUEST_URI' => '/test/index'
    'SCRIPT_NAME' => '/index.php'
    'PHP_SELF' => '/index.php'
    'REQUEST_TIME_FLOAT' => 1568304260.003
    'REQUEST_TIME' => 1568304260
    'argv' => []
    'argc' => 0
]
2019-09-12 20:29:11 [127.0.0.1][-][14j95457vochp1nodcg8nakanpboqr2k][error][yii\web\HttpException:404] yii\base\InvalidRouteException: Unable to resolve the request "news/view/1". in C:\Users\s29-d\Desktop\OSPanel\domains\yii-application\vendor\yiisoft\yii2\base\Module.php:537
Stack trace:
#0 C:\Users\s29-d\Desktop\OSPanel\domains\yii-application\vendor\yiisoft\yii2\web\Application.php(103): yii\base\Module->runAction('news/view/1', Array)
#1 C:\Users\s29-d\Desktop\OSPanel\domains\yii-application\vendor\yiisoft\yii2\base\Application.php(386): yii\web\Application->handleRequest(Object(yii\web\Request))
#2 C:\Users\s29-d\Desktop\OSPanel\domains\yii-application\frontend\web\index.php(17): yii\base\Application->run()
#3 {main}

Next yii\web\NotFoundHttpException: Page not found. in C:\Users\s29-d\Desktop\OSPanel\domains\yii-application\vendor\yiisoft\yii2\web\Application.php:115
Stack trace:
#0 C:\Users\s29-d\Desktop\OSPanel\domains\yii-application\vendor\yiisoft\yii2\base\Application.php(386): yii\web\Application->handleRequest(Object(yii\web\Request))
#1 C:\Users\s29-d\Desktop\OSPanel\domains\yii-application\frontend\web\index.php(17): yii\base\Application->run()
#2 {main}
2019-09-12 20:29:11 [127.0.0.1][-][14j95457vochp1nodcg8nakanpboqr2k][info][application] $_GET = []

$_POST = []

$_FILES = []

$_COOKIE = [
    'advanced-frontend' => '14j95457vochp1nodcg8nakanpboqr2k'
    '_csrf-frontend' => 'e14469dacd9dee9ba532d44a03fd7d07e2a8c737f3a27356c61c663ebaf32e8da:2:{i:0;s:14:\"_csrf-frontend\";i:1;s:32:\"h7IbvjCUUYnm77FR4gfwphFBYnKXSXpM\";}'
]

$_SESSION = [
    '__flash' => []
    '__captcha/site/captcha' => 'wumuse'
    '__captcha/site/captchacount' => 1
]

$_SERVER = [
    'REDIRECT_STATUS' => '200'
    'HTTP_HOST' => 'frontend.test:82'
    'HTTP_CONNECTION' => 'keep-alive'
    'HTTP_UPGRADE_INSECURE_REQUESTS' => '1'
    'HTTP_USER_AGENT' => 'Mozilla/5.0 (Windows NT 10.0; Win64; x64) AppleWebKit/537.36 (KHTML, like Gecko) Chrome/76.0.3809.132 Safari/537.36'
    'HTTP_ACCEPT' => 'text/html,application/xhtml+xml,application/xml;q=0.9,image/webp,image/apng,*/*;q=0.8,application/signed-exchange;v=b3'
    'HTTP_REFERER' => 'http://frontend.test:82/news'
    'HTTP_ACCEPT_ENCODING' => 'gzip, deflate'
    'HTTP_ACCEPT_LANGUAGE' => 'en-US,en;q=0.9'
    'HTTP_COOKIE' => 'advanced-frontend=14j95457vochp1nodcg8nakanpboqr2k; _csrf-frontend=e14469dacd9dee9ba532d44a03fd7d07e2a8c737f3a27356c61c663ebaf32e8da%3A2%3A%7Bi%3A0%3Bs%3A14%3A%22_csrf-frontend%22%3Bi%3A1%3Bs%3A32%3A%22h7IbvjCUUYnm77FR4gfwphFBYnKXSXpM%22%3B%7D'
    'PATH' => 'c:\\users\\s29-d\\desktop\\ospanel\\modules\\php\\PHP_7.1-x64\\ext;c:\\users\\s29-d\\desktop\\ospanel\\modules\\php\\PHP_7.1-x64\\pear;c:\\users\\s29-d\\desktop\\ospanel\\modules\\php\\PHP_7.1-x64\\pear\\bin;c:\\users\\s29-d\\desktop\\ospanel\\modules\\php\\PHP_7.1-x64;c:\\users\\s29-d\\desktop\\ospanel\\modules\\imagemagick;c:\\users\\s29-d\\desktop\\ospanel\\modules\\wget\\bin;c:\\users\\s29-d\\desktop\\ospanel\\modules\\database\\MariaDB-10.3-x64\\bin;c:\\users\\s29-d\\desktop\\ospanel\\modules\\http\\Apache_2.4-PHP_7.0-7.1-x64\\bin;c:\\users\\s29-d\\desktop\\ospanel\\modules\\http\\Apache_2.4-PHP_7.0-7.1-x64;C:\\Windows\\system32;C:\\Windows;C:\\Windows\\system32\\Wbem;C:\\Windows\\SysWOW64'
    'SystemRoot' => 'C:\\Windows'
    'COMSPEC' => 'C:\\Windows\\system32\\cmd.exe'
    'PATHEXT' => '.COM;.EXE;.BAT;.CMD;.VBS;.VBE;.JS;.JSE;.WSF;.WSH;.MSC;.PY;.PYW'
    'WINDIR' => 'C:\\Windows'
    'SERVER_SIGNATURE' => ''
    'SERVER_SOFTWARE' => 'Apache'
    'SERVER_NAME' => 'frontend.test'
    'SERVER_ADDR' => '127.0.0.1'
    'SERVER_PORT' => '82'
    'REMOTE_ADDR' => '127.0.0.1'
    'DOCUMENT_ROOT' => 'C:/Users/s29-d/Desktop/OSPanel/domains/yii-application/frontend/web/'
    'REQUEST_SCHEME' => 'http'
    'CONTEXT_PREFIX' => ''
    'CONTEXT_DOCUMENT_ROOT' => 'C:/Users/s29-d/Desktop/OSPanel/domains/yii-application/frontend/web/'
    'SERVER_ADMIN' => '[no address given]'
    'SCRIPT_FILENAME' => 'C:/Users/s29-d/Desktop/OSPanel/domains/yii-application/frontend/web/index.php'
    'REMOTE_PORT' => '21642'
    'REDIRECT_URL' => '/news/view/1'
    'GATEWAY_INTERFACE' => 'CGI/1.1'
    'SERVER_PROTOCOL' => 'HTTP/1.1'
    'REQUEST_METHOD' => 'GET'
    'QUERY_STRING' => ''
    'REQUEST_URI' => '/news/view/1'
    'SCRIPT_NAME' => '/index.php'
    'PHP_SELF' => '/index.php'
    'REQUEST_TIME_FLOAT' => 1568309351.109
    'REQUEST_TIME' => 1568309351
    'argv' => []
    'argc' => 0
]
2019-09-12 20:32:48 [127.0.0.1][-][14j95457vochp1nodcg8nakanpboqr2k][error][yii\web\HttpException:404] yii\base\InvalidRouteException: Unable to resolve the request "news1". in C:\Users\s29-d\Desktop\OSPanel\domains\yii-application\vendor\yiisoft\yii2\base\Module.php:537
Stack trace:
#0 C:\Users\s29-d\Desktop\OSPanel\domains\yii-application\vendor\yiisoft\yii2\web\Application.php(103): yii\base\Module->runAction('news1', Array)
#1 C:\Users\s29-d\Desktop\OSPanel\domains\yii-application\vendor\yiisoft\yii2\base\Application.php(386): yii\web\Application->handleRequest(Object(yii\web\Request))
#2 C:\Users\s29-d\Desktop\OSPanel\domains\yii-application\frontend\web\index.php(17): yii\base\Application->run()
#3 {main}

Next yii\web\NotFoundHttpException: Page not found. in C:\Users\s29-d\Desktop\OSPanel\domains\yii-application\vendor\yiisoft\yii2\web\Application.php:115
Stack trace:
#0 C:\Users\s29-d\Desktop\OSPanel\domains\yii-application\vendor\yiisoft\yii2\base\Application.php(386): yii\web\Application->handleRequest(Object(yii\web\Request))
#1 C:\Users\s29-d\Desktop\OSPanel\domains\yii-application\frontend\web\index.php(17): yii\base\Application->run()
#2 {main}
2019-09-12 20:32:48 [127.0.0.1][-][14j95457vochp1nodcg8nakanpboqr2k][info][application] $_GET = []

$_POST = []

$_FILES = []

$_COOKIE = [
    'advanced-frontend' => '14j95457vochp1nodcg8nakanpboqr2k'
    '_csrf-frontend' => 'e14469dacd9dee9ba532d44a03fd7d07e2a8c737f3a27356c61c663ebaf32e8da:2:{i:0;s:14:\"_csrf-frontend\";i:1;s:32:\"h7IbvjCUUYnm77FR4gfwphFBYnKXSXpM\";}'
]

$_SESSION = [
    '__flash' => []
    '__captcha/site/captcha' => 'wumuse'
    '__captcha/site/captchacount' => 1
]

$_SERVER = [
    'REDIRECT_STATUS' => '200'
    'HTTP_HOST' => 'frontend.test:82'
    'HTTP_CONNECTION' => 'keep-alive'
    'HTTP_UPGRADE_INSECURE_REQUESTS' => '1'
    'HTTP_USER_AGENT' => 'Mozilla/5.0 (Windows NT 10.0; Win64; x64) AppleWebKit/537.36 (KHTML, like Gecko) Chrome/76.0.3809.132 Safari/537.36'
    'HTTP_ACCEPT' => 'text/html,application/xhtml+xml,application/xml;q=0.9,image/webp,image/apng,*/*;q=0.8,application/signed-exchange;v=b3'
    'HTTP_ACCEPT_ENCODING' => 'gzip, deflate'
    'HTTP_ACCEPT_LANGUAGE' => 'en-US,en;q=0.9'
    'HTTP_COOKIE' => 'advanced-frontend=14j95457vochp1nodcg8nakanpboqr2k; _csrf-frontend=e14469dacd9dee9ba532d44a03fd7d07e2a8c737f3a27356c61c663ebaf32e8da%3A2%3A%7Bi%3A0%3Bs%3A14%3A%22_csrf-frontend%22%3Bi%3A1%3Bs%3A32%3A%22h7IbvjCUUYnm77FR4gfwphFBYnKXSXpM%22%3B%7D'
    'PATH' => 'c:\\users\\s29-d\\desktop\\ospanel\\modules\\php\\PHP_7.1-x64\\ext;c:\\users\\s29-d\\desktop\\ospanel\\modules\\php\\PHP_7.1-x64\\pear;c:\\users\\s29-d\\desktop\\ospanel\\modules\\php\\PHP_7.1-x64\\pear\\bin;c:\\users\\s29-d\\desktop\\ospanel\\modules\\php\\PHP_7.1-x64;c:\\users\\s29-d\\desktop\\ospanel\\modules\\imagemagick;c:\\users\\s29-d\\desktop\\ospanel\\modules\\wget\\bin;c:\\users\\s29-d\\desktop\\ospanel\\modules\\database\\MariaDB-10.3-x64\\bin;c:\\users\\s29-d\\desktop\\ospanel\\modules\\http\\Apache_2.4-PHP_7.0-7.1-x64\\bin;c:\\users\\s29-d\\desktop\\ospanel\\modules\\http\\Apache_2.4-PHP_7.0-7.1-x64;C:\\Windows\\system32;C:\\Windows;C:\\Windows\\system32\\Wbem;C:\\Windows\\SysWOW64'
    'SystemRoot' => 'C:\\Windows'
    'COMSPEC' => 'C:\\Windows\\system32\\cmd.exe'
    'PATHEXT' => '.COM;.EXE;.BAT;.CMD;.VBS;.VBE;.JS;.JSE;.WSF;.WSH;.MSC;.PY;.PYW'
    'WINDIR' => 'C:\\Windows'
    'SERVER_SIGNATURE' => ''
    'SERVER_SOFTWARE' => 'Apache'
    'SERVER_NAME' => 'frontend.test'
    'SERVER_ADDR' => '127.0.0.1'
    'SERVER_PORT' => '82'
    'REMOTE_ADDR' => '127.0.0.1'
    'DOCUMENT_ROOT' => 'C:/Users/s29-d/Desktop/OSPanel/domains/yii-application/frontend/web/'
    'REQUEST_SCHEME' => 'http'
    'CONTEXT_PREFIX' => ''
    'CONTEXT_DOCUMENT_ROOT' => 'C:/Users/s29-d/Desktop/OSPanel/domains/yii-application/frontend/web/'
    'SERVER_ADMIN' => '[no address given]'
    'SCRIPT_FILENAME' => 'C:/Users/s29-d/Desktop/OSPanel/domains/yii-application/frontend/web/index.php'
    'REMOTE_PORT' => '21660'
    'REDIRECT_URL' => '/news1'
    'GATEWAY_INTERFACE' => 'CGI/1.1'
    'SERVER_PROTOCOL' => 'HTTP/1.1'
    'REQUEST_METHOD' => 'GET'
    'QUERY_STRING' => ''
    'REQUEST_URI' => '/news1'
    'SCRIPT_NAME' => '/index.php'
    'PHP_SELF' => '/index.php'
    'REQUEST_TIME_FLOAT' => 1568309568.548
    'REQUEST_TIME' => 1568309568
    'argv' => []
    'argc' => 0
]
2019-09-12 20:44:56 [127.0.0.1][-][14j95457vochp1nodcg8nakanpboqr2k][error][yii\web\HttpException:404] yii\base\InvalidRouteException: Unable to resolve the request "news1". in C:\Users\s29-d\Desktop\OSPanel\domains\yii-application\vendor\yiisoft\yii2\base\Module.php:537
Stack trace:
#0 C:\Users\s29-d\Desktop\OSPanel\domains\yii-application\vendor\yiisoft\yii2\web\Application.php(103): yii\base\Module->runAction('news1', Array)
#1 C:\Users\s29-d\Desktop\OSPanel\domains\yii-application\vendor\yiisoft\yii2\base\Application.php(386): yii\web\Application->handleRequest(Object(yii\web\Request))
#2 C:\Users\s29-d\Desktop\OSPanel\domains\yii-application\frontend\web\index.php(17): yii\base\Application->run()
#3 {main}

Next yii\web\NotFoundHttpException: Page not found. in C:\Users\s29-d\Desktop\OSPanel\domains\yii-application\vendor\yiisoft\yii2\web\Application.php:115
Stack trace:
#0 C:\Users\s29-d\Desktop\OSPanel\domains\yii-application\vendor\yiisoft\yii2\base\Application.php(386): yii\web\Application->handleRequest(Object(yii\web\Request))
#1 C:\Users\s29-d\Desktop\OSPanel\domains\yii-application\frontend\web\index.php(17): yii\base\Application->run()
#2 {main}
2019-09-12 20:44:56 [127.0.0.1][-][14j95457vochp1nodcg8nakanpboqr2k][info][application] $_GET = []

$_POST = []

$_FILES = []

$_COOKIE = [
    'advanced-frontend' => '14j95457vochp1nodcg8nakanpboqr2k'
    '_csrf-frontend' => 'e14469dacd9dee9ba532d44a03fd7d07e2a8c737f3a27356c61c663ebaf32e8da:2:{i:0;s:14:\"_csrf-frontend\";i:1;s:32:\"h7IbvjCUUYnm77FR4gfwphFBYnKXSXpM\";}'
]

$_SESSION = [
    '__flash' => []
    '__captcha/site/captcha' => 'wumuse'
    '__captcha/site/captchacount' => 1
]

$_SERVER = [
    'REDIRECT_STATUS' => '200'
    'HTTP_HOST' => 'frontend.test:82'
    'HTTP_CONNECTION' => 'keep-alive'
    'HTTP_UPGRADE_INSECURE_REQUESTS' => '1'
    'HTTP_USER_AGENT' => 'Mozilla/5.0 (Windows NT 10.0; Win64; x64) AppleWebKit/537.36 (KHTML, like Gecko) Chrome/76.0.3809.132 Safari/537.36'
    'HTTP_ACCEPT' => 'text/html,application/xhtml+xml,application/xml;q=0.9,image/webp,image/apng,*/*;q=0.8,application/signed-exchange;v=b3'
    'HTTP_ACCEPT_ENCODING' => 'gzip, deflate'
    'HTTP_ACCEPT_LANGUAGE' => 'en-US,en;q=0.9'
    'HTTP_COOKIE' => 'advanced-frontend=14j95457vochp1nodcg8nakanpboqr2k; _csrf-frontend=e14469dacd9dee9ba532d44a03fd7d07e2a8c737f3a27356c61c663ebaf32e8da%3A2%3A%7Bi%3A0%3Bs%3A14%3A%22_csrf-frontend%22%3Bi%3A1%3Bs%3A32%3A%22h7IbvjCUUYnm77FR4gfwphFBYnKXSXpM%22%3B%7D'
    'PATH' => 'c:\\users\\s29-d\\desktop\\ospanel\\modules\\php\\PHP_7.1-x64\\ext;c:\\users\\s29-d\\desktop\\ospanel\\modules\\php\\PHP_7.1-x64\\pear;c:\\users\\s29-d\\desktop\\ospanel\\modules\\php\\PHP_7.1-x64\\pear\\bin;c:\\users\\s29-d\\desktop\\ospanel\\modules\\php\\PHP_7.1-x64;c:\\users\\s29-d\\desktop\\ospanel\\modules\\imagemagick;c:\\users\\s29-d\\desktop\\ospanel\\modules\\wget\\bin;c:\\users\\s29-d\\desktop\\ospanel\\modules\\database\\MariaDB-10.3-x64\\bin;c:\\users\\s29-d\\desktop\\ospanel\\modules\\http\\Apache_2.4-PHP_7.0-7.1-x64\\bin;c:\\users\\s29-d\\desktop\\ospanel\\modules\\http\\Apache_2.4-PHP_7.0-7.1-x64;C:\\Windows\\system32;C:\\Windows;C:\\Windows\\system32\\Wbem;C:\\Windows\\SysWOW64'
    'SystemRoot' => 'C:\\Windows'
    'COMSPEC' => 'C:\\Windows\\system32\\cmd.exe'
    'PATHEXT' => '.COM;.EXE;.BAT;.CMD;.VBS;.VBE;.JS;.JSE;.WSF;.WSH;.MSC;.PY;.PYW'
    'WINDIR' => 'C:\\Windows'
    'SERVER_SIGNATURE' => ''
    'SERVER_SOFTWARE' => 'Apache'
    'SERVER_NAME' => 'frontend.test'
    'SERVER_ADDR' => '127.0.0.1'
    'SERVER_PORT' => '82'
    'REMOTE_ADDR' => '127.0.0.1'
    'DOCUMENT_ROOT' => 'C:/Users/s29-d/Desktop/OSPanel/domains/yii-application/frontend/web/'
    'REQUEST_SCHEME' => 'http'
    'CONTEXT_PREFIX' => ''
    'CONTEXT_DOCUMENT_ROOT' => 'C:/Users/s29-d/Desktop/OSPanel/domains/yii-application/frontend/web/'
    'SERVER_ADMIN' => '[no address given]'
    'SCRIPT_FILENAME' => 'C:/Users/s29-d/Desktop/OSPanel/domains/yii-application/frontend/web/index.php'
    'REMOTE_PORT' => '21712'
    'REDIRECT_URL' => '/news1'
    'GATEWAY_INTERFACE' => 'CGI/1.1'
    'SERVER_PROTOCOL' => 'HTTP/1.1'
    'REQUEST_METHOD' => 'GET'
    'QUERY_STRING' => ''
    'REQUEST_URI' => '/news1'
    'SCRIPT_NAME' => '/index.php'
    'PHP_SELF' => '/index.php'
    'REQUEST_TIME_FLOAT' => 1568310296.698
    'REQUEST_TIME' => 1568310296
    'argv' => []
    'argc' => 0
]
